[{"line":2,"elements":[{"line":4,"name":"","description":"","type":"background","keyword":"Background","steps":[{"result":{"duration":14227570700,"status":"passed"},"line":5,"name":"Browser should be navigated to DemoQA page","match":{"location":"com.sgtesting.Stepdefinitions.ElementsPageSteps.browser_should_be_navigated_to_demo_qa_page()"},"keyword":"Given "},{"result":{"duration":2535732100,"status":"passed"},"line":6,"name":"I click on Elements item","match":{"location":"com.sgtesting.Stepdefinitions.ElementsPageSteps.i_click_on_elements_item()"},"keyword":"When "},{"result":{"duration":373978200,"status":"passed"},"line":7,"name":"Elements Page should be displayed","match":{"location":"com.sgtesting.Stepdefinitions.ElementsPageSteps.elements_page_should_be_displayed()"},"keyword":"Then "}]},{"start_timestamp":"2025-04-28T10:49:11.102Z","before":[{"result":{"duration":1619903800,"status":"passed"},"match":{"location":"com.sgtesting.Stepdefinitions.Hooks.opentheBrowser()"}}],"line":21,"name":"Handle the Check Boxes","description":"","id":"demoqa-elements-page-test-case;handle-the-check-boxes","after":[{"result":{"duration":213613000,"status":"passed"},"match":{"location":"com.sgtesting.Stepdefinitions.Hooks.closeTheBrowser()"}}],"type":"scenario","keyword":"Scenario","steps":[{"result":{"duration":290427000,"status":"passed"},"line":22,"name":"Navigate to Checkboxes page","match":{"location":"com.sgtesting.Stepdefinitions.ElementsPageSteps.navigate_to_checkboxes_page()"},"keyword":"Given "},{"result":{"duration":1214710100,"status":"passed"},"line":23,"name":"I click the expand button","match":{"location":"com.sgtesting.Stepdefinitions.ElementsPageSteps.i_click_the_expand_button()"},"keyword":"When "},{"result":{"error_message":"java.lang.RuntimeException: org.openqa.selenium.ElementNotInteractableException: element not interactable\n  (Session info: chrome=135.0.7049.115)\nBuild info: version: '4.29.0', revision: '5fc1ec94cb'\nSystem info: os.name: 'Windows 11', os.arch: 'amd64', os.version: '10.0', java.version: '17.0.13'\nDriver info: org.openqa.selenium.chrome.ChromeDriver\nCommand: [2defcd01b44c4dc3a35d00636114b594, clickElement {id=f.8D3431AF1E38B3757FA22B36F2A0AEA1.d.0802A7CD75CB2EFE415E7EFAAF56BE0B.e.523}]\nCapabilities {acceptInsecureCerts: false, browserName: chrome, browserVersion: 135.0.7049.115, chrome: {chromedriverVersion: 135.0.7049.114 (63fd8a7d9d0..., userDataDir: C:\\Users\\Honnesh\\AppData\\Lo...}, fedcm:accounts: true, goog:chromeOptions: {debuggerAddress: localhost:61370}, networkConnectionEnabled: false, pageLoadStrategy: normal, platformName: windows, proxy: Proxy(), se:cdp: ws://localhost:61370/devtoo..., se:cdpVersion: 135.0.7049.115, setWindowRect: true, strictFileInteractability: false, timeouts: {implicit: 0, pageLoad: 300000, script: 30000}, unhandledPromptBehavior: dismiss and notify, webauthn:extension:credBlob: true, webauthn:extension:largeBlob: true, webauthn:extension:minPinLength: true, webauthn:extension:prf: true, webauthn:virtualAuthenticators: true}\nElement: [[ChromeDriver: chrome on windows (2defcd01b44c4dc3a35d00636114b594)] -> xpath: //input[@id='tree-node-home']]\nSession ID: 2defcd01b44c4dc3a35d00636114b594\r\n\tat com.sgtesting.Stepdefinitions.ElementsPageSteps.i_should_find_the_check_boxes(ElementsPageSteps.java:182)\r\n\tat âœ½.I should find the check boxes(file:///D:/Intellijworkspace/BDD-CucumberProject/src/test/resources/FeaturesFiles/ElementsPage.feature:24)\r\nCaused by: org.openqa.selenium.ElementNotInteractableException: element not interactable\n  (Session info: chrome=135.0.7049.115)\nBuild info: version: '4.29.0', revision: '5fc1ec94cb'\nSystem info: os.name: 'Windows 11', os.arch: 'amd64', os.version: '10.0', java.version: '17.0.13'\nDriver info: org.openqa.selenium.chrome.ChromeDriver\nCommand: [2defcd01b44c4dc3a35d00636114b594, clickElement {id=f.8D3431AF1E38B3757FA22B36F2A0AEA1.d.0802A7CD75CB2EFE415E7EFAAF56BE0B.e.523}]\nCapabilities {acceptInsecureCerts: false, browserName: chrome, browserVersion: 135.0.7049.115, chrome: {chromedriverVersion: 135.0.7049.114 (63fd8a7d9d0..., userDataDir: C:\\Users\\Honnesh\\AppData\\Lo...}, fedcm:accounts: true, goog:chromeOptions: {debuggerAddress: localhost:61370}, networkConnectionEnabled: false, pageLoadStrategy: normal, platformName: windows, proxy: Proxy(), se:cdp: ws://localhost:61370/devtoo..., se:cdpVersion: 135.0.7049.115, setWindowRect: true, strictFileInteractability: false, timeouts: {implicit: 0, pageLoad: 300000, script: 30000}, unhandledPromptBehavior: dismiss and notify, webauthn:extension:credBlob: true, webauthn:extension:largeBlob: true, webauthn:extension:minPinLength: true, webauthn:extension:prf: true, webauthn:virtualAuthenticators: true}\nElement: [[ChromeDriver: chrome on windows (2defcd01b44c4dc3a35d00636114b594)] -> xpath: //input[@id='tree-node-home']]\nSession ID: 2defcd01b44c4dc3a35d00636114b594\r\n\tat java.base/jdk.internal.reflect.NativeConstructorAccessorImpl.newInstance0(Native Method)\r\n\tat java.base/jdk.internal.reflect.NativeConstructorAccessorImpl.newInstance(NativeConstructorAccessorImpl.java:77)\r\n\tat java.base/jdk.internal.reflect.DelegatingConstructorAccessorImpl.newInstance(DelegatingConstructorAccessorImpl.java:45)\r\n\tat java.base/java.lang.reflect.Constructor.newInstanceWithCaller(Constructor.java:500)\r\n\tat java.base/java.lang.reflect.Constructor.newInstance(Constructor.java:481)\r\n\tat org.openqa.selenium.remote.ErrorCodec.decode(ErrorCodec.java:167)\r\n\tat org.openqa.selenium.remote.codec.w3c.W3CHttpResponseCodec.decode(W3CHttpResponseCodec.java:138)\r\n\tat org.openqa.selenium.remote.codec.w3c.W3CHttpResponseCodec.decode(W3CHttpResponseCodec.java:50)\r\n\tat org.openqa.selenium.remote.HttpCommandExecutor.execute(HttpCommandExecutor.java:215)\r\n\tat org.openqa.selenium.remote.service.DriverCommandExecutor.invokeExecute(DriverCommandExecutor.java:216)\r\n\tat org.openqa.selenium.remote.service.DriverCommandExecutor.execute(DriverCommandExecutor.java:174)\r\n\tat org.openqa.selenium.remote.RemoteWebDriver.execute(RemoteWebDriver.java:545)\r\n\tat org.openqa.selenium.remote.RemoteWebElement.execute(RemoteWebElement.java:223)\r\n\tat org.openqa.selenium.remote.RemoteWebElement.click(RemoteWebElement.java:76)\r\n\tat java.base/jdk.internal.reflect.NativeMethodAccessorImpl.invoke0(Native Method)\r\n\tat java.base/jdk.internal.reflect.NativeMethodAccessorImpl.invoke(NativeMethodAccessorImpl.java:77)\r\n\tat java.base/jdk.internal.reflect.DelegatingMethodAccessorImpl.invoke(DelegatingMethodAccessorImpl.java:43)\r\n\tat java.base/java.lang.reflect.Method.invoke(Method.java:569)\r\n\tat org.openqa.selenium.support.pagefactory.internal.LocatingElementHandler.invoke(LocatingElementHandler.java:51)\r\n\tat jdk.proxy2/jdk.proxy2.$Proxy34.click(Unknown Source)\r\n\tat com.sgtesting.Stepdefinitions.ElementsPageSteps.i_should_find_the_check_boxes(ElementsPageSteps.java:178)\r\n\t... 1 more\r\n","duration":199358900,"status":"failed"},"line":24,"name":"I should find the check boxes","match":{"location":"com.sgtesting.Stepdefinitions.ElementsPageSteps.i_should_find_the_check_boxes()"},"keyword":"Then "}],"tags":[{"name":"@Execute"}]}],"name":"DemoQA Elements page Test case","description":"","id":"demoqa-elements-page-test-case","keyword":"Feature","uri":"file:src/test/resources/FeaturesFiles/ElementsPage.feature","tags":[]}]